<?xml version="1.0" encoding="UTF-8"?>
<!-- Generated by org.testng.reporters.JUnitReportReporter -->
<testsuite hostname="DESKTOP-3OCF0EL" failures="0" tests="3" name="DemoTest" time="7.913" errors="0" timestamp="2023-07-07T15:35:04 EDT" skipped="0">
  <testcase classname="DemoTest" name="Setup" time="7.904"/>
  <system-out/>
  <testcase classname="DemoTest" name="Login" time="0.009"/>
  <system-out/>
  <testcase classname="DemoTest" name="Logout" time="0.000"/>
  <system-out/>
</testsuite> <!-- DemoTest -->
